This file contains any messages produced by compilers while
running configure, to aid debugging if configure makes a mistake.

configure:648: checking host system type
configure:669: checking build system type
configure:689: checking for ranlib
configure:719: checking for gcc
configure:832: checking whether the C compiler (gcc  ) works
configure:848: gcc -o conftest    conftest.c  1>&5
configure:874: checking whether the C compiler (gcc  ) is a cross-compiler
configure:879: checking whether we are using GNU C
configure:907: checking whether gcc accepts -g
configure:950: checking for ld used by GCC
configure:1012: checking if the linker (/usr/bin/ld) is GNU ld
configure:1028: checking for BSD-compatible nm
configure:1064: checking whether ln -s works
ltconfig:603: checking for object suffix
ltconfig:604: gcc -c -g -O2  conftest.c 1>&5
ltconfig:776: checking if gcc PIC flag -fPIC works
ltconfig:777: gcc -c -g -O2 -fPIC -DPIC  conftest.c 1>&5
ltconfig:829: checking if gcc supports -c -o file.o
ltconfig:830: gcc -c -g -O2 -o out/conftest2.o  conftest.c 1>&5
ltconfig:862: checking if gcc supports -c -o file.lo
ltconfig:863: gcc -c -g -O2 -c -o conftest.lo  conftest.c 1>&5
ltconfig:914: checking if gcc supports -fno-rtti -fno-exceptions
ltconfig:915: gcc -c -g -O2 -fno-rtti -fno-exceptions -c conftest.c  conftest.c 1>&5
ltconfig:958: checking if gcc static flag -static works
ltconfig:959: gcc -o conftest -g -O2   -static conftest.c  1>&5
GNU ld version 2.11.93.0.2 20020207
ltconfig:1653: checking if global_symbol_pipe works
ltconfig:1654: gcc -c -g -O2  conftest.c 1>&5
ltconfig:1657: eval "/usr/bin/nm -B conftest.o | sed -n -e 's/^.*[ 	]\([ABCDGISTW]\)[ 	][ 	]*\(\)\([_A-Za-z][_A-Za-z0-9]*\)$/\1 \2\3 \3/p' > conftest.nm"
ltconfig:1709: gcc -o conftest -g -O2 -fno-builtin -fno-rtti -fno-exceptions   conftest.c conftstm.o 1>&5
configure:1468: checking for gcc
configure:1581: checking whether the C compiler (gcc -g -O2 ) works
configure:1597: gcc -o conftest -g -O2   conftest.c  1>&5
configure:1623: checking whether the C compiler (gcc -g -O2 ) is a cross-compiler
configure:1628: checking whether we are using GNU C
configure:1656: checking whether gcc accepts -g
configure:1699: checking for a BSD compatible install
configure:1754: checking how to run the C preprocessor
configure:1834: checking for ANSI C header files
configure:1941: checking for fcntl.h
configure:1941: checking for unistd.h
configure:1979: checking whether byte ordering is bigendian
configure:2069: checking for working const
configure:2144: checking for off_t
configure:2177: checking for size_t
configure:2212: checking for 8-bit clean memcmp
configure:2251: checking for unistd.h
configure:2290: checking for getpagesize
configure:2343: checking for working mmap
configure:2523: checking for memmove
configure:2523: checking for bcopy
